-- Prepared statement for spock.tables to list parent and child tables as parent table name will be contained in partition name
PREPARE spocktab AS SELECT nspname, relname, set_name FROM spock.tables WHERE relname LIKE '%' || $1 || '%' ORDER BY relid;
PREPARE
-----------------------------
-- List Partitioning Examples
-----------------------------
-- Create a list partitioned table with primary key
CREATE TABLE sales_list (
    sale_id INT,
    sale_region TEXT,
    sale_amount DECIMAL,
    PRIMARY KEY (sale_id, sale_region)
) PARTITION BY LIST (sale_region);
INFO:  DDL statement replicated.
CREATE TABLE
-- Add partitions to the sales_list table
CREATE TABLE sales_list_east PARTITION OF sales_list
    FOR VALUES IN ('East');
INFO:  DDL statement replicated.
CREATE TABLE
CREATE TABLE sales_list_west PARTITION OF sales_list
    FOR VALUES IN ('West');
INFO:  DDL statement replicated.
CREATE TABLE
-- Insert data into the sales_list table
INSERT INTO sales_list (sale_id, sale_region, sale_amount) VALUES
(1, 'East', 100.0),
(2, 'West', 200.0),
(3, 'East', 150.0);
INSERT 0 3
EXECUTE spocktab('sales_list'); -- Expect both parent and child tables in default repset
 nspname |     relname     | set_name 
---------+-----------------+----------
 public  | sales_list      | default
 public  | sales_list_east | default
 public  | sales_list_west | default
(3 rows)

SELECT * FROM sales_list ORDER BY sale_id; -- Expect 3 rows
 sale_id | sale_region | sale_amount 
---------+-------------+-------------
       1 | East        |       100.0
       2 | West        |       200.0
       3 | East        |       150.0
(3 rows)

-- Alter the sales_list table to add a new partition
CREATE TABLE sales_list_north PARTITION OF sales_list
    FOR VALUES IN ('North');
INFO:  DDL statement replicated.
CREATE TABLE
-- Insert data into the new partition
INSERT INTO sales_list (sale_id, sale_region, sale_amount) VALUES
(4, 'North', 250.0);
INSERT 0 1
-- Validate structure and data after adding new partition
\d+ sales_list_east
                                        Table "public.sales_list_east"
   Column    |  Type   | Collation | Nullable | Default | Storage  | Compression | Stats target | Description 
-------------+---------+-----------+----------+---------+----------+-------------+--------------+-------------
 sale_id     | integer |           | not null |         | plain    |             |              | 
 sale_region | text    |           | not null |         | extended |             |              | 
 sale_amount | numeric |           |          |         | main     |             |              | 
Partition of: sales_list FOR VALUES IN ('East')
Partition constraint: ((sale_region IS NOT NULL) AND (sale_region = 'East'::text))
Indexes:
    "sales_list_east_pkey" PRIMARY KEY, btree (sale_id, sale_region)
Access method: heap

\d+ sales_list_west
                                        Table "public.sales_list_west"
   Column    |  Type   | Collation | Nullable | Default | Storage  | Compression | Stats target | Description 
-------------+---------+-----------+----------+---------+----------+-------------+--------------+-------------
 sale_id     | integer |           | not null |         | plain    |             |              | 
 sale_region | text    |           | not null |         | extended |             |              | 
 sale_amount | numeric |           |          |         | main     |             |              | 
Partition of: sales_list FOR VALUES IN ('West')
Partition constraint: ((sale_region IS NOT NULL) AND (sale_region = 'West'::text))
Indexes:
    "sales_list_west_pkey" PRIMARY KEY, btree (sale_id, sale_region)
Access method: heap

\d+ sales_list_north
                                       Table "public.sales_list_north"
   Column    |  Type   | Collation | Nullable | Default | Storage  | Compression | Stats target | Description 
-------------+---------+-----------+----------+---------+----------+-------------+--------------+-------------
 sale_id     | integer |           | not null |         | plain    |             |              | 
 sale_region | text    |           | not null |         | extended |             |              | 
 sale_amount | numeric |           |          |         | main     |             |              | 
Partition of: sales_list FOR VALUES IN ('North')
Partition constraint: ((sale_region IS NOT NULL) AND (sale_region = 'North'::text))
Indexes:
    "sales_list_north_pkey" PRIMARY KEY, btree (sale_id, sale_region)
Access method: heap

\d+ sales_list
                                    Partitioned table "public.sales_list"
   Column    |  Type   | Collation | Nullable | Default | Storage  | Compression | Stats target | Description 
-------------+---------+-----------+----------+---------+----------+-------------+--------------+-------------
 sale_id     | integer |           | not null |         | plain    |             |              | 
 sale_region | text    |           | not null |         | extended |             |              | 
 sale_amount | numeric |           |          |         | main     |             |              | 
Partition key: LIST (sale_region)
Indexes:
    "sales_list_pkey" PRIMARY KEY, btree (sale_id, sale_region)
Partitions: sales_list_east FOR VALUES IN ('East'),
            sales_list_north FOR VALUES IN ('North'),
            sales_list_west FOR VALUES IN ('West')

EXECUTE spocktab('sales_list'); -- Expect the new partition to be listed
 nspname |     relname      | set_name 
---------+------------------+----------
 public  | sales_list       | default
 public  | sales_list_east  | default
 public  | sales_list_west  | default
 public  | sales_list_north | default
(4 rows)

SELECT * FROM sales_list ORDER BY sale_id; -- Expect 4 rows
 sale_id | sale_region | sale_amount 
---------+-------------+-------------
       1 | East        |       100.0
       2 | West        |       200.0
       3 | East        |       150.0
       4 | North       |       250.0
(4 rows)

/*TO FIX:
commenting this test case due to https://github.com/orgs/pgEdge/projects/6/views/7?filterQuery=category%3AAutoDDL+&visibleFields=%5B%22Title%22%2C%22Assignees%22%2C%22Status%22%2C77649763%5D&pane=issue&itemId=69962278
-- Create a list partitioned table without primary key
CREATE TABLE products_list (
    product_id INT,
    product_category TEXT,
    product_name TEXT
) PARTITION BY LIST (product_category);

-- Add partitions to the products_list table
CREATE TABLE products_list_electronics PARTITION OF products_list
    FOR VALUES IN ('Electronics');
CREATE TABLE products_list_clothing PARTITION OF products_list
    FOR VALUES IN ('Clothing');

-- Insert data into the products_list table
INSERT INTO products_list (product_id, product_category, product_name) VALUES
(1, 'Electronics', 'Laptop'),
(2, 'Clothing', 'Shirt'),
(3, 'Electronics', 'Smartphone');

-- Validate structure and data
\d+ products_list
EXECUTE spocktab('products_list'); -- Expect both parent and child tables in default_insert_only set
SELECT * FROM products_list ORDER BY product_id; -- Expect 3 rows

-- Alter the products_list table to add a primary key
ALTER TABLE products_list ADD PRIMARY KEY (product_id, product_category);

-- Validate structure and data after adding primary key
\d+ products_list
\d+ products_list_clothing
\d+ products_list_electronics
EXECUTE spocktab('products_list'); -- Expect the replication set to change to default
SELECT * FROM products_list ORDER BY product_id; -- Expect 3 rows
*/
